<?xml version="1.0" encoding="UTF-8"?>
<testsuite xmlns:xsi="http://www.w3.org/2001/XMLSchema-instance" xsi:noNamespaceSchemaLocation="https://maven.apache.org/surefire/maven-surefire-plugin/xsd/surefire-test-report.xsd" version="3.0.2" name="snake.ecs.systems.CollisionSystemTest" time="0.013" tests="5" errors="0" skipped="0" failures="0">
  <properties>
[...]
</properties>
  <testcase name="wallCollisionKills" classname="snake.ecs.systems.CollisionSystemTest" time="0.001"/>
  <testcase name="parallelStreamDoesNotThrow" classname="snake.ecs.systems.CollisionSystemTest" time="0.008"/>
  <testcase name="selfCollisionKills" classname="snake.ecs.systems.CollisionSystemTest" time="0.0"/>
  <testcase name="twoSnakesCollideEachOther" classname="snake.ecs.systems.CollisionSystemTest" time="0.0"/>
  <testcase name="obstacleCollisionKills" classname="snake.ecs.systems.CollisionSystemTest" time="0.0"/>
</testsuite>